Determining if the pthread_create exist failed with the following output:
Change Dir: /home/lahiru/robotics/build/open_manipulator_controller/CMakeFiles/CMakeTmp

Run Build Command:"/usr/bin/make" "cmTC_cd5ee/fast"
/usr/bin/make -f CMakeFiles/cmTC_cd5ee.dir/build.make CMakeFiles/cmTC_cd5ee.dir/build
make[1]: Entering directory '/home/lahiru/robotics/build/open_manipulator_controller/CMakeFiles/CMakeTmp'
Building C object CMakeFiles/cmTC_cd5ee.dir/CheckSymbolExists.c.o
/usr/bin/cc    -o CMakeFiles/cmTC_cd5ee.dir/CheckSymbolExists.c.o   -c /home/lahiru/robotics/build/open_manipulator_controller/CMakeFiles/CMakeTmp/CheckSymbolExists.c
Linking C executable cmTC_cd5ee
/usr/bin/cmake -E cmake_link_script CMakeFiles/cmTC_cd5ee.dir/link.txt --verbose=1
/usr/bin/cc      -rdynamic CMakeFiles/cmTC_cd5ee.dir/CheckSymbolExists.c.o  -o cmTC_cd5ee 
CMakeFiles/cmTC_cd5ee.dir/CheckSymbolExists.c.o: In function `main':
CheckSymbolExists.c:(.text+0x1b): undefined reference to `pthread_create'
collect2: error: ld returned 1 exit status
CMakeFiles/cmTC_cd5ee.dir/build.make:97: recipe for target 'cmTC_cd5ee' failed
make[1]: *** [cmTC_cd5ee] Error 1
make[1]: Leaving directory '/home/lahiru/robotics/build/open_manipulator_controller/CMakeFiles/CMakeTmp'
Makefile:126: recipe for target 'cmTC_cd5ee/fast' failed
make: *** [cmTC_cd5ee/fast] Error 2

File /home/lahiru/robotics/build/open_manipulator_controller/CMakeFiles/CMakeTmp/CheckSymbolExists.c:
/* */
#include <pthread.h>

int main(int argc, char** argv)
{
  (void)argv;
#ifndef pthread_create
  return ((int*)(&pthread_create))[argc];
#else
  (void)argc;
  return 0;
#endif
}

Determining if the function pthread_create exists in the pthreads failed with the following output:
Change Dir: /home/lahiru/robotics/build/open_manipulator_controller/CMakeFiles/CMakeTmp

Run Build Command:"/usr/bin/make" "cmTC_d54cc/fast"
/usr/bin/make -f CMakeFiles/cmTC_d54cc.dir/build.make CMakeFiles/cmTC_d54cc.dir/build
make[1]: Entering directory '/home/lahiru/robotics/build/open_manipulator_controller/CMakeFiles/CMakeTmp'
Building C object CMakeFiles/cmTC_d54cc.dir/CheckFunctionExists.c.o
/usr/bin/cc   -DCHECK_FUNCTION_EXISTS=pthread_create   -o CMakeFiles/cmTC_d54cc.dir/CheckFunctionExists.c.o   -c /usr/share/cmake-3.10/Modules/CheckFunctionExists.c
Linking C executable cmTC_d54cc
/usr/bin/cmake -E cmake_link_script CMakeFiles/cmTC_d54cc.dir/link.txt --verbose=1
/usr/bin/cc  -DCHECK_FUNCTION_EXISTS=pthread_create    -rdynamic CMakeFiles/cmTC_d54cc.dir/CheckFunctionExists.c.o  -o cmTC_d54cc -lpthreads 
/usr/bin/ld: cannot find -lpthreads
collect2: error: ld returned 1 exit status
CMakeFiles/cmTC_d54cc.dir/build.make:97: recipe for target 'cmTC_d54cc' failed
make[1]: *** [cmTC_d54cc] Error 1
make[1]: Leaving directory '/home/lahiru/robotics/build/open_manipulator_controller/CMakeFiles/CMakeTmp'
Makefile:126: recipe for target 'cmTC_d54cc/fast' failed
make: *** [cmTC_d54cc/fast] Error 2


