Linked: (/home/lahiru/robotics/devel/.private/lab_2_3dPose/include/lab_2_3dPose/angles.h, /home/lahiru/robotics/devel/include/lab_2_3dPose/angles.h)
Linked: (/home/lahiru/robotics/devel/.private/lab_2_3dPose/include/lab_2_3dPose/anglesRequest.h, /home/lahiru/robotics/devel/include/lab_2_3dPose/anglesRequest.h)
Linked: (/home/lahiru/robotics/devel/.private/lab_2_3dPose/include/lab_2_3dPose/anglesResponse.h, /home/lahiru/robotics/devel/include/lab_2_3dPose/anglesResponse.h)
Linked: (/home/lahiru/robotics/devel/.private/lab_2_3dPose/lib/python2.7/dist-packages/lab_2_3dPose/__init__.py, /home/lahiru/robotics/devel/lib/python2.7/dist-packages/lab_2_3dPose/__init__.py)
Linked: (/home/lahiru/robotics/devel/.private/lab_2_3dPose/lib/python2.7/dist-packages/lab_2_3dPose/srv/__init__.py, /home/lahiru/robotics/devel/lib/python2.7/dist-packages/lab_2_3dPose/srv/__init__.py)
Linked: (/home/lahiru/robotics/devel/.private/lab_2_3dPose/lib/python2.7/dist-packages/lab_2_3dPose/srv/_angles.py, /home/lahiru/robotics/devel/lib/python2.7/dist-packages/lab_2_3dPose/srv/_angles.py)
Linked: (/home/lahiru/robotics/devel/.private/lab_2_3dPose/lib/pkgconfig/lab_2_3dPose.pc, /home/lahiru/robotics/devel/lib/pkgconfig/lab_2_3dPose.pc)
Linked: (/home/lahiru/robotics/devel/.private/lab_2_3dPose/share/common-lisp/ros/lab_2_3dPose/srv/lab_2_3dPose-srv.asd, /home/lahiru/robotics/devel/share/common-lisp/ros/lab_2_3dPose/srv/lab_2_3dPose-srv.asd)
Linked: (/home/lahiru/robotics/devel/.private/lab_2_3dPose/share/common-lisp/ros/lab_2_3dPose/srv/_package.lisp, /home/lahiru/robotics/devel/share/common-lisp/ros/lab_2_3dPose/srv/_package.lisp)
Linked: (/home/lahiru/robotics/devel/.private/lab_2_3dPose/share/common-lisp/ros/lab_2_3dPose/srv/angles.lisp, /home/lahiru/robotics/devel/share/common-lisp/ros/lab_2_3dPose/srv/angles.lisp)
Linked: (/home/lahiru/robotics/devel/.private/lab_2_3dPose/share/common-lisp/ros/lab_2_3dPose/srv/_package_angles.lisp, /home/lahiru/robotics/devel/share/common-lisp/ros/lab_2_3dPose/srv/_package_angles.lisp)
Linked: (/home/lahiru/robotics/devel/.private/lab_2_3dPose/share/roseus/ros/lab_2_3dPose/manifest.l, /home/lahiru/robotics/devel/share/roseus/ros/lab_2_3dPose/manifest.l)
Linked: (/home/lahiru/robotics/devel/.private/lab_2_3dPose/share/roseus/ros/lab_2_3dPose/srv/angles.l, /home/lahiru/robotics/devel/share/roseus/ros/lab_2_3dPose/srv/angles.l)
Linked: (/home/lahiru/robotics/devel/.private/lab_2_3dPose/share/lab_2_3dPose/cmake/lab_2_3dPoseConfig.cmake, /home/lahiru/robotics/devel/share/lab_2_3dPose/cmake/lab_2_3dPoseConfig.cmake)
Linked: (/home/lahiru/robotics/devel/.private/lab_2_3dPose/share/lab_2_3dPose/cmake/lab_2_3dPoseConfig-version.cmake, /home/lahiru/robotics/devel/share/lab_2_3dPose/cmake/lab_2_3dPoseConfig-version.cmake)
Linked: (/home/lahiru/robotics/devel/.private/lab_2_3dPose/share/lab_2_3dPose/cmake/lab_2_3dPose-msg-paths.cmake, /home/lahiru/robotics/devel/share/lab_2_3dPose/cmake/lab_2_3dPose-msg-paths.cmake)
Linked: (/home/lahiru/robotics/devel/.private/lab_2_3dPose/share/lab_2_3dPose/cmake/lab_2_3dPose-msg-extras.cmake, /home/lahiru/robotics/devel/share/lab_2_3dPose/cmake/lab_2_3dPose-msg-extras.cmake)
Linked: (/home/lahiru/robotics/devel/.private/lab_2_3dPose/share/gennodejs/ros/lab_2_3dPose/_index.js, /home/lahiru/robotics/devel/share/gennodejs/ros/lab_2_3dPose/_index.js)
Linked: (/home/lahiru/robotics/devel/.private/lab_2_3dPose/share/gennodejs/ros/lab_2_3dPose/srv/angles.js, /home/lahiru/robotics/devel/share/gennodejs/ros/lab_2_3dPose/srv/angles.js)
Linked: (/home/lahiru/robotics/devel/.private/lab_2_3dPose/share/gennodejs/ros/lab_2_3dPose/srv/_index.js, /home/lahiru/robotics/devel/share/gennodejs/ros/lab_2_3dPose/srv/_index.js)
