[  0%] Built target _open_manipulator_msgs_generate_messages_check_deps_OpenManipulatorState
[  0%] Built target _open_manipulator_msgs_generate_messages_check_deps_KinematicsPose
[  0%] Built target _open_manipulator_msgs_generate_messages_check_deps_JointPosition
[  0%] Built target std_msgs_generate_messages_nodejs
[  0%] Built target _open_manipulator_msgs_generate_messages_check_deps_GetKinematicsPose
[  0%] Built target geometry_msgs_generate_messages_nodejs
[  0%] Built target _open_manipulator_msgs_generate_messages_check_deps_SetDrawingTrajectory
[  0%] Built target _open_manipulator_msgs_generate_messages_check_deps_SetActuatorState
[  0%] Built target _open_manipulator_msgs_generate_messages_check_deps_GetJointPosition
[  0%] Built target _open_manipulator_msgs_generate_messages_check_deps_SetKinematicsPose
[  0%] Built target _open_manipulator_msgs_generate_messages_check_deps_SetJointPosition
[  0%] Built target std_msgs_generate_messages_lisp
[  0%] Built target geometry_msgs_generate_messages_lisp
[  0%] Built target std_msgs_generate_messages_py
[  0%] Built target geometry_msgs_generate_messages_py
[  0%] Built target geometry_msgs_generate_messages_eus
[  0%] Built target std_msgs_generate_messages_eus
[  0%] Built target geometry_msgs_generate_messages_cpp
[  0%] Built target std_msgs_generate_messages_cpp
[ 18%] Built target open_manipulator_msgs_generate_messages_nodejs
[ 37%] Built target open_manipulator_msgs_generate_messages_lisp
[ 60%] Built target open_manipulator_msgs_generate_messages_py
[ 81%] Built target open_manipulator_msgs_generate_messages_eus
[100%] Built target open_manipulator_msgs_generate_messages_cpp
[100%] Built target open_manipulator_msgs_generate_messages
