Determining if the pthread_create exist failed with the following output:
Change Dir: /home/lahiru/robotics/build/open_manipulator_control_gui/CMakeFiles/CMakeTmp

Run Build Command:"/usr/bin/make" "cmTC_0447d/fast"
/usr/bin/make -f CMakeFiles/cmTC_0447d.dir/build.make CMakeFiles/cmTC_0447d.dir/build
make[1]: Entering directory '/home/lahiru/robotics/build/open_manipulator_control_gui/CMakeFiles/CMakeTmp'
Building C object CMakeFiles/cmTC_0447d.dir/CheckSymbolExists.c.o
/usr/bin/cc    -o CMakeFiles/cmTC_0447d.dir/CheckSymbolExists.c.o   -c /home/lahiru/robotics/build/open_manipulator_control_gui/CMakeFiles/CMakeTmp/CheckSymbolExists.c
Linking C executable cmTC_0447d
/usr/bin/cmake -E cmake_link_script CMakeFiles/cmTC_0447d.dir/link.txt --verbose=1
/usr/bin/cc      -rdynamic CMakeFiles/cmTC_0447d.dir/CheckSymbolExists.c.o  -o cmTC_0447d 
CMakeFiles/cmTC_0447d.dir/CheckSymbolExists.c.o: In function `main':
CheckSymbolExists.c:(.text+0x1b): undefined reference to `pthread_create'
collect2: error: ld returned 1 exit status
CMakeFiles/cmTC_0447d.dir/build.make:97: recipe for target 'cmTC_0447d' failed
make[1]: *** [cmTC_0447d] Error 1
make[1]: Leaving directory '/home/lahiru/robotics/build/open_manipulator_control_gui/CMakeFiles/CMakeTmp'
Makefile:126: recipe for target 'cmTC_0447d/fast' failed
make: *** [cmTC_0447d/fast] Error 2

File /home/lahiru/robotics/build/open_manipulator_control_gui/CMakeFiles/CMakeTmp/CheckSymbolExists.c:
/* */
#include <pthread.h>

int main(int argc, char** argv)
{
  (void)argv;
#ifndef pthread_create
  return ((int*)(&pthread_create))[argc];
#else
  (void)argc;
  return 0;
#endif
}

Determining if the function pthread_create exists in the pthreads failed with the following output:
Change Dir: /home/lahiru/robotics/build/open_manipulator_control_gui/CMakeFiles/CMakeTmp

Run Build Command:"/usr/bin/make" "cmTC_c6cfb/fast"
/usr/bin/make -f CMakeFiles/cmTC_c6cfb.dir/build.make CMakeFiles/cmTC_c6cfb.dir/build
make[1]: Entering directory '/home/lahiru/robotics/build/open_manipulator_control_gui/CMakeFiles/CMakeTmp'
Building C object CMakeFiles/cmTC_c6cfb.dir/CheckFunctionExists.c.o
/usr/bin/cc   -DCHECK_FUNCTION_EXISTS=pthread_create   -o CMakeFiles/cmTC_c6cfb.dir/CheckFunctionExists.c.o   -c /usr/share/cmake-3.10/Modules/CheckFunctionExists.c
Linking C executable cmTC_c6cfb
/usr/bin/cmake -E cmake_link_script CMakeFiles/cmTC_c6cfb.dir/link.txt --verbose=1
/usr/bin/cc  -DCHECK_FUNCTION_EXISTS=pthread_create    -rdynamic CMakeFiles/cmTC_c6cfb.dir/CheckFunctionExists.c.o  -o cmTC_c6cfb -lpthreads 
/usr/bin/ld: cannot find -lpthreads
collect2: error: ld returned 1 exit status
CMakeFiles/cmTC_c6cfb.dir/build.make:97: recipe for target 'cmTC_c6cfb' failed
make[1]: *** [cmTC_c6cfb] Error 1
make[1]: Leaving directory '/home/lahiru/robotics/build/open_manipulator_control_gui/CMakeFiles/CMakeTmp'
Makefile:126: recipe for target 'cmTC_c6cfb/fast' failed
make: *** [cmTC_c6cfb/fast] Error 2


