Determining if the pthread_create exist failed with the following output:
Change Dir: /home/lahiru/robotics/build/lab_4_jointspacecontrol/CMakeFiles/CMakeTmp

Run Build Command:"/usr/bin/make" "cmTC_216dc/fast"
/usr/bin/make -f CMakeFiles/cmTC_216dc.dir/build.make CMakeFiles/cmTC_216dc.dir/build
make[1]: Entering directory '/home/lahiru/robotics/build/lab_4_jointspacecontrol/CMakeFiles/CMakeTmp'
Building C object CMakeFiles/cmTC_216dc.dir/CheckSymbolExists.c.o
/usr/bin/cc    -o CMakeFiles/cmTC_216dc.dir/CheckSymbolExists.c.o   -c /home/lahiru/robotics/build/lab_4_jointspacecontrol/CMakeFiles/CMakeTmp/CheckSymbolExists.c
Linking C executable cmTC_216dc
/usr/bin/cmake -E cmake_link_script CMakeFiles/cmTC_216dc.dir/link.txt --verbose=1
/usr/bin/cc      -rdynamic CMakeFiles/cmTC_216dc.dir/CheckSymbolExists.c.o  -o cmTC_216dc 
CMakeFiles/cmTC_216dc.dir/CheckSymbolExists.c.o: In function `main':
CheckSymbolExists.c:(.text+0x1b): undefined reference to `pthread_create'
collect2: error: ld returned 1 exit status
CMakeFiles/cmTC_216dc.dir/build.make:97: recipe for target 'cmTC_216dc' failed
make[1]: *** [cmTC_216dc] Error 1
make[1]: Leaving directory '/home/lahiru/robotics/build/lab_4_jointspacecontrol/CMakeFiles/CMakeTmp'
Makefile:126: recipe for target 'cmTC_216dc/fast' failed
make: *** [cmTC_216dc/fast] Error 2

File /home/lahiru/robotics/build/lab_4_jointspacecontrol/CMakeFiles/CMakeTmp/CheckSymbolExists.c:
/* */
#include <pthread.h>

int main(int argc, char** argv)
{
  (void)argv;
#ifndef pthread_create
  return ((int*)(&pthread_create))[argc];
#else
  (void)argc;
  return 0;
#endif
}

Determining if the function pthread_create exists in the pthreads failed with the following output:
Change Dir: /home/lahiru/robotics/build/lab_4_jointspacecontrol/CMakeFiles/CMakeTmp

Run Build Command:"/usr/bin/make" "cmTC_bafc2/fast"
/usr/bin/make -f CMakeFiles/cmTC_bafc2.dir/build.make CMakeFiles/cmTC_bafc2.dir/build
make[1]: Entering directory '/home/lahiru/robotics/build/lab_4_jointspacecontrol/CMakeFiles/CMakeTmp'
Building C object CMakeFiles/cmTC_bafc2.dir/CheckFunctionExists.c.o
/usr/bin/cc   -DCHECK_FUNCTION_EXISTS=pthread_create   -o CMakeFiles/cmTC_bafc2.dir/CheckFunctionExists.c.o   -c /usr/share/cmake-3.10/Modules/CheckFunctionExists.c
Linking C executable cmTC_bafc2
/usr/bin/cmake -E cmake_link_script CMakeFiles/cmTC_bafc2.dir/link.txt --verbose=1
/usr/bin/cc  -DCHECK_FUNCTION_EXISTS=pthread_create    -rdynamic CMakeFiles/cmTC_bafc2.dir/CheckFunctionExists.c.o  -o cmTC_bafc2 -lpthreads 
/usr/bin/ld: cannot find -lpthreads
collect2: error: ld returned 1 exit status
CMakeFiles/cmTC_bafc2.dir/build.make:97: recipe for target 'cmTC_bafc2' failed
make[1]: *** [cmTC_bafc2] Error 1
make[1]: Leaving directory '/home/lahiru/robotics/build/lab_4_jointspacecontrol/CMakeFiles/CMakeTmp'
Makefile:126: recipe for target 'cmTC_bafc2/fast' failed
make: *** [cmTC_bafc2/fast] Error 2


