[35m[1mScanning dependencies of target open_manipulator_msgs_generate_messages_eus[0m
[  0%] Built target open_manipulator_msgs_generate_messages_eus
[35m[1mScanning dependencies of target rosgraph_msgs_generate_messages_nodejs[0m
[  0%] Built target rosgraph_msgs_generate_messages_nodejs
[35m[1mScanning dependencies of target rosgraph_msgs_generate_messages_py[0m
[  0%] Built target rosgraph_msgs_generate_messages_py
[35m[1mScanning dependencies of target std_msgs_generate_messages_eus[0m
[  0%] Built target std_msgs_generate_messages_eus
[35m[1mScanning dependencies of target rosgraph_msgs_generate_messages_lisp[0m
[  0%] Built target rosgraph_msgs_generate_messages_lisp
[35m[1mScanning dependencies of target rosgraph_msgs_generate_messages_eus[0m
[  0%] Built target rosgraph_msgs_generate_messages_eus
[35m[1mScanning dependencies of target rosgraph_msgs_generate_messages_cpp[0m
[  0%] Built target rosgraph_msgs_generate_messages_cpp
[35m[1mScanning dependencies of target roscpp_generate_messages_py[0m
[  0%] Built target roscpp_generate_messages_py
[35m[1mScanning dependencies of target std_msgs_generate_messages_py[0m
[  0%] Built target std_msgs_generate_messages_py
[35m[1mScanning dependencies of target geometry_msgs_generate_messages_eus[0m
[  0%] Built target geometry_msgs_generate_messages_eus
[35m[1mScanning dependencies of target roscpp_generate_messages_nodejs[0m
[  0%] Built target roscpp_generate_messages_nodejs
[35m[1mScanning dependencies of target roscpp_generate_messages_eus[0m
[  0%] Built target roscpp_generate_messages_eus
[35m[1mScanning dependencies of target open_manipulator_msgs_generate_messages_nodejs[0m
[  0%] Built target open_manipulator_msgs_generate_messages_nodejs
[35m[1mScanning dependencies of target roscpp_generate_messages_lisp[0m
[  0%] Built target roscpp_generate_messages_lisp
[35m[1mScanning dependencies of target open_manipulator_msgs_generate_messages_py[0m
[  0%] Built target open_manipulator_msgs_generate_messages_py
[35m[1mScanning dependencies of target std_msgs_generate_messages_cpp[0m
[  0%] Built target std_msgs_generate_messages_cpp
[35m[1mScanning dependencies of target open_manipulator_msgs_generate_messages_lisp[0m
[  0%] Built target open_manipulator_msgs_generate_messages_lisp
[35m[1mScanning dependencies of target geometry_msgs_generate_messages_nodejs[0m
[  0%] Built target geometry_msgs_generate_messages_nodejs
[35m[1mScanning dependencies of target sensor_msgs_generate_messages_py[0m
[  0%] Built target sensor_msgs_generate_messages_py
[35m[1mScanning dependencies of target std_msgs_generate_messages_lisp[0m
[  0%] Built target std_msgs_generate_messages_lisp
[35m[1mScanning dependencies of target sensor_msgs_generate_messages_cpp[0m
[  0%] Built target sensor_msgs_generate_messages_cpp
[35m[1mScanning dependencies of target sensor_msgs_generate_messages_eus[0m
[  0%] Built target sensor_msgs_generate_messages_eus
[35m[1mScanning dependencies of target std_msgs_generate_messages_nodejs[0m
[  0%] Built target std_msgs_generate_messages_nodejs
[35m[1mScanning dependencies of target sensor_msgs_generate_messages_lisp[0m
[  0%] Built target sensor_msgs_generate_messages_lisp
[35m[1mScanning dependencies of target roscpp_generate_messages_cpp[0m
[  0%] Built target roscpp_generate_messages_cpp
[35m[1mScanning dependencies of target sensor_msgs_generate_messages_nodejs[0m
[  0%] Built target sensor_msgs_generate_messages_nodejs
[35m[1mScanning dependencies of target geometry_msgs_generate_messages_cpp[0m
[  0%] Built target geometry_msgs_generate_messages_cpp
[35m[1mScanning dependencies of target geometry_msgs_generate_messages_lisp[0m
[  0%] Built target geometry_msgs_generate_messages_lisp
[35m[1mScanning dependencies of target geometry_msgs_generate_messages_py[0m
[35m[1mScanning dependencies of target open_manipulator_msgs_generate_messages_cpp[0m
[  0%] Built target geometry_msgs_generate_messages_py
[  0%] Built target open_manipulator_msgs_generate_messages_cpp
[  9%] [34m[1mGenerating qrc_images.cpp[0m
[ 18%] [34m[1mGenerating include/open_manipulator_control_gui/moc_main_window.cpp[0m
[ 27%] [34m[1mGenerating /home/lahiru/robotics/devel/.private/open_manipulator_control_gui/include/open_manipulator_control_gui/ui_main_window.h[0m
[ 36%] [34m[1mGenerating include/open_manipulator_control_gui/moc_qnode.cpp[0m
[35m[1mScanning dependencies of target open_manipulator_control_gui[0m
[ 45%] [32mBuilding CXX object CMakeFiles/open_manipulator_control_gui.dir/src/main_window.cpp.o[0m
[ 54%] [32mBuilding CXX object CMakeFiles/open_manipulator_control_gui.dir/src/main.cpp.o[0m
[ 63%] [32mBuilding CXX object CMakeFiles/open_manipulator_control_gui.dir/src/qnode.cpp.o[0m
[ 72%] [32mBuilding CXX object CMakeFiles/open_manipulator_control_gui.dir/include/open_manipulator_control_gui/moc_main_window.cpp.o[0m
[ 81%] [32mBuilding CXX object CMakeFiles/open_manipulator_control_gui.dir/include/open_manipulator_control_gui/moc_qnode.cpp.o[0m
[ 90%] [32mBuilding CXX object CMakeFiles/open_manipulator_control_gui.dir/qrc_images.cpp.o[0m
[100%] [32m[1mLinking CXX executable /home/lahiru/robotics/devel/.private/open_manipulator_control_gui/lib/open_manipulator_control_gui/open_manipulator_control_gui[0m
[100%] Built target open_manipulator_control_gui
